<?xml version="1.0" encoding="UTF-8"?>
<robot generator="Robot 3.1.2 (Python 3.6.9 on linux)" generated="20200413 21:11:09.193" rpa="false">
<suite id="s1" name="Logintestcase" source="/home/elsys/PycharmProjects/github_folder/Testcase/logintestcase.robot">
<test id="s1-t1" name="Logintest">
<kw name="Open my Browser" library="loginkeywords">
<arguments>
<arg>${siteurl}</arg>
<arg>${browser}</arg>
</arguments>
<kw name="Open Browser" library="Selenium2Library">
<doc>Opens a new browser instance to the given ``url``.</doc>
<arguments>
<arg>${siteurl}</arg>
<arg>${browser}</arg>
</arguments>
<msg timestamp="20200413 21:11:09.303" level="INFO">Opening browser 'Firefox' to base url 'http://www.newtours.demoaut.com/'.</msg>
<status status="PASS" starttime="20200413 21:11:09.303" endtime="20200413 21:11:12.765"></status>
</kw>
<kw name="Maximize Browser Window" library="Selenium2Library">
<doc>Maximizes current browser window.</doc>
<status status="PASS" starttime="20200413 21:11:12.766" endtime="20200413 21:11:13.091"></status>
</kw>
<status status="PASS" starttime="20200413 21:11:09.302" endtime="20200413 21:11:13.091"></status>
</kw>
<kw name="Sleep" library="BuiltIn">
<doc>Pauses the test executed for the given time.</doc>
<arguments>
<arg>3</arg>
</arguments>
<msg timestamp="20200413 21:11:16.093" level="INFO">Slept 3 seconds</msg>
<status status="PASS" starttime="20200413 21:11:13.092" endtime="20200413 21:11:16.093"></status>
</kw>
<kw name="Enter username" library="loginkeywords">
<arguments>
<arg>${user}</arg>
</arguments>
<kw name="Input Text" library="Selenium2Library">
<doc>Types the given ``text`` into text field identified by ``locator``.</doc>
<arguments>
<arg>${txt_loginUsername}</arg>
<arg>${username}</arg>
</arguments>
<msg timestamp="20200413 21:11:16.096" level="INFO">Typing text 'tutorial' into text field 'name:userName'.</msg>
<status status="PASS" starttime="20200413 21:11:16.095" endtime="20200413 21:11:16.167"></status>
</kw>
<status status="PASS" starttime="20200413 21:11:16.094" endtime="20200413 21:11:16.167"></status>
</kw>
<kw name="Sleep" library="BuiltIn">
<doc>Pauses the test executed for the given time.</doc>
<arguments>
<arg>1</arg>
</arguments>
<msg timestamp="20200413 21:11:17.168" level="INFO">Slept 1 second</msg>
<status status="PASS" starttime="20200413 21:11:16.167" endtime="20200413 21:11:17.168"></status>
</kw>
<kw name="Enter Password" library="loginkeywords">
<arguments>
<arg>${pwd}</arg>
</arguments>
<kw name="Input Text" library="Selenium2Library">
<doc>Types the given ``text`` into text field identified by ``locator``.</doc>
<arguments>
<arg>${txt_login_password}</arg>
<arg>${password}</arg>
</arguments>
<msg timestamp="20200413 21:11:17.171" level="INFO">Typing text 'tutorial' into text field 'name:password'.</msg>
<status status="PASS" starttime="20200413 21:11:17.170" endtime="20200413 21:11:17.243"></status>
</kw>
<status status="PASS" starttime="20200413 21:11:17.169" endtime="20200413 21:11:17.243"></status>
</kw>
<kw name="Sleep" library="BuiltIn">
<doc>Pauses the test executed for the given time.</doc>
<arguments>
<arg>1</arg>
</arguments>
<msg timestamp="20200413 21:11:18.245" level="INFO">Slept 1 second</msg>
<status status="PASS" starttime="20200413 21:11:17.244" endtime="20200413 21:11:18.245"></status>
</kw>
<kw name="Click signin" library="loginkeywords">
<kw name="Click Button" library="Selenium2Library">
<doc>Clicks button identified by ``locator``.</doc>
<arguments>
<arg>${btn_singIn}</arg>
</arguments>
<msg timestamp="20200413 21:11:18.246" level="INFO">Clicking button 'xpath://input[@name='login']'.</msg>
<status status="PASS" starttime="20200413 21:11:18.246" endtime="20200413 21:11:23.471"></status>
</kw>
<status status="PASS" starttime="20200413 21:11:18.245" endtime="20200413 21:11:23.471"></status>
</kw>
<kw name="Sleep" library="BuiltIn">
<doc>Pauses the test executed for the given time.</doc>
<arguments>
<arg>20</arg>
</arguments>
<msg timestamp="20200413 21:11:43.473" level="INFO">Slept 20 seconds</msg>
<status status="PASS" starttime="20200413 21:11:23.472" endtime="20200413 21:11:43.473"></status>
</kw>
<kw name="Verify sucessfull login" library="loginkeywords">
<kw name="Title Should Be" library="Selenium2Library">
<doc>Verifies that current page title equals ``title``.</doc>
<arguments>
<arg>Find a Flight: Mercury Tours:</arg>
</arguments>
<msg timestamp="20200413 21:11:43.482" level="INFO">Page title is 'Find a Flight: Mercury Tours:'.</msg>
<status status="PASS" starttime="20200413 21:11:43.475" endtime="20200413 21:11:43.482"></status>
</kw>
<status status="PASS" starttime="20200413 21:11:43.474" endtime="20200413 21:11:43.483"></status>
</kw>
<kw name="Sleep" library="BuiltIn">
<doc>Pauses the test executed for the given time.</doc>
<arguments>
<arg>3</arg>
</arguments>
<msg timestamp="20200413 21:11:46.485" level="INFO">Slept 3 seconds</msg>
<status status="PASS" starttime="20200413 21:11:43.484" endtime="20200413 21:11:46.485"></status>
</kw>
<kw name="close my browers" library="loginkeywords">
<kw name="Close All Browsers" library="Selenium2Library">
<doc>Closes all open browsers and resets the browser cache.</doc>
<status status="PASS" starttime="20200413 21:11:46.487" endtime="20200413 21:11:47.060"></status>
</kw>
<status status="PASS" starttime="20200413 21:11:46.486" endtime="20200413 21:11:47.060"></status>
</kw>
<status status="PASS" starttime="20200413 21:11:09.302" endtime="20200413 21:11:47.061" critical="yes"></status>
</test>
<status status="PASS" starttime="20200413 21:11:09.194" endtime="20200413 21:11:47.064"></status>
</suite>
<statistics>
<total>
<stat pass="1" fail="0">Critical Tests</stat>
<stat pass="1" fail="0">All Tests</stat>
</total>
<tag>
</tag>
<suite>
<stat pass="1" fail="0" id="s1" name="Logintestcase">Logintestcase</stat>
</suite>
</statistics>
<errors>
</errors>
</robot>
